Build output check failed:
    Regex: 'command[- ]line option .* is valid for .* but not for C'
    Output line: 'cc1: warning: command line option ‘-Wnon-virtual-dtor’ is valid for C++/ObjC++ but not for C'
Compilation failed:
    source file: '/home/nitin/Desktop/Simulated Color-Tracking robot/build/CMakeFiles/CMakeTmp/src.c'
    check option: ' -fsigned-char -W -Wall -Wreturn-type  -Wnon-virtual-dtor'
===== BUILD LOG =====
Change Dir: /home/nitin/Desktop/Simulated Color-Tracking robot/build/CMakeFiles/CMakeTmp

Run Build Command(s):/usr/bin/make -f Makefile cmTC_b9883/fast && /usr/bin/make  -f CMakeFiles/cmTC_b9883.dir/build.make CMakeFiles/cmTC_b9883.dir/build
make[1]: Entering directory '/home/nitin/Desktop/Simulated Color-Tracking robot/build/CMakeFiles/CMakeTmp'
Building C object CMakeFiles/cmTC_b9883.dir/src.c.o
/usr/lib/ccache/cc   -O3 -DNDEBUG -fPIE    -fsigned-char -W -Wall -Wreturn-type  -Wnon-virtual-dtor -o CMakeFiles/cmTC_b9883.dir/src.c.o -c "/home/nitin/Desktop/Simulated Color-Tracking robot/build/CMakeFiles/CMakeTmp/src.c"
cc1: warning: command line option ‘-Wnon-virtual-dtor’ is valid for C++/ObjC++ but not for C
/home/nitin/Desktop/Simulated Color-Tracking robot/build/CMakeFiles/CMakeTmp/src.c:1: warning: ignoring #pragma   [-Wunknown-pragmas]
    1 | #pragma
      | 
Linking C executable cmTC_b9883
/home/nitin/.local/lib/python3.8/site-packages/cmake/data/bin/cmake -E cmake_link_script CMakeFiles/cmTC_b9883.dir/link.txt --verbose=1
/usr/lib/ccache/cc -O3 -DNDEBUG CMakeFiles/cmTC_b9883.dir/src.c.o -o cmTC_b9883 
make[1]: Leaving directory '/home/nitin/Desktop/Simulated Color-Tracking robot/build/CMakeFiles/CMakeTmp'


===== END =====

Build output check failed:
    Regex: 'command[- ]line option .* is valid for .* but not for C\+\+'
    Output line: 'cc1plus: warning: command line option ‘-Wmissing-prototypes’ is valid for C/ObjC but not for C++'
Compilation failed:
    source file: '/home/nitin/Desktop/Simulated Color-Tracking robot/build/CMakeFiles/CMakeTmp/src.cxx'
    check option: ' -fsigned-char -W -Wall -Wreturn-type -Wnon-virtual-dtor -Waddress -Wsequence-point -Wformat -Wformat-security -Wmissing-declarations  -Wmissing-prototypes'
===== BUILD LOG =====
Change Dir: /home/nitin/Desktop/Simulated Color-Tracking robot/build/CMakeFiles/CMakeTmp

Run Build Command(s):/usr/bin/make -f Makefile cmTC_c8b05/fast && /usr/bin/make  -f CMakeFiles/cmTC_c8b05.dir/build.make CMakeFiles/cmTC_c8b05.dir/build
make[1]: Entering directory '/home/nitin/Desktop/Simulated Color-Tracking robot/build/CMakeFiles/CMakeTmp'
Building CXX object CMakeFiles/cmTC_c8b05.dir/src.cxx.o
/usr/lib/ccache/c++   -O3 -DNDEBUG -fPIE    -fsigned-char -W -Wall -Wreturn-type -Wnon-virtual-dtor -Waddress -Wsequence-point -Wformat -Wformat-security -Wmissing-declarations  -Wmissing-prototypes -std=c++11 -o CMakeFiles/cmTC_c8b05.dir/src.cxx.o -c "/home/nitin/Desktop/Simulated Color-Tracking robot/build/CMakeFiles/CMakeTmp/src.cxx"
cc1plus: warning: command line option ‘-Wmissing-prototypes’ is valid for C/ObjC but not for C++
/home/nitin/Desktop/Simulated Color-Tracking robot/build/CMakeFiles/CMakeTmp/src.cxx:1: warning: ignoring #pragma   [-Wunknown-pragmas]
    1 | #pragma
      | 
Linking CXX executable cmTC_c8b05
/home/nitin/.local/lib/python3.8/site-packages/cmake/data/bin/cmake -E cmake_link_script CMakeFiles/cmTC_c8b05.dir/link.txt --verbose=1
/usr/lib/ccache/c++ -O3 -DNDEBUG CMakeFiles/cmTC_c8b05.dir/src.cxx.o -o cmTC_c8b05 
make[1]: Leaving directory '/home/nitin/Desktop/Simulated Color-Tracking robot/build/CMakeFiles/CMakeTmp'


===== END =====

Build output check failed:
    Regex: 'command[- ]line option .* is valid for .* but not for C\+\+'
    Output line: 'cc1plus: warning: command line option ‘-Wstrict-prototypes’ is valid for C/ObjC but not for C++'
Compilation failed:
    source file: '/home/nitin/Desktop/Simulated Color-Tracking robot/build/CMakeFiles/CMakeTmp/src.cxx'
    check option: ' -fsigned-char -W -Wall -Wreturn-type -Wnon-virtual-dtor -Waddress -Wsequence-point -Wformat -Wformat-security -Wmissing-declarations  -Wstrict-prototypes'
===== BUILD LOG =====
Change Dir: /home/nitin/Desktop/Simulated Color-Tracking robot/build/CMakeFiles/CMakeTmp

Run Build Command(s):/usr/bin/make -f Makefile cmTC_767d4/fast && /usr/bin/make  -f CMakeFiles/cmTC_767d4.dir/build.make CMakeFiles/cmTC_767d4.dir/build
make[1]: Entering directory '/home/nitin/Desktop/Simulated Color-Tracking robot/build/CMakeFiles/CMakeTmp'
Building CXX object CMakeFiles/cmTC_767d4.dir/src.cxx.o
/usr/lib/ccache/c++   -O3 -DNDEBUG -fPIE    -fsigned-char -W -Wall -Wreturn-type -Wnon-virtual-dtor -Waddress -Wsequence-point -Wformat -Wformat-security -Wmissing-declarations  -Wstrict-prototypes -std=c++11 -o CMakeFiles/cmTC_767d4.dir/src.cxx.o -c "/home/nitin/Desktop/Simulated Color-Tracking robot/build/CMakeFiles/CMakeTmp/src.cxx"
cc1plus: warning: command line option ‘-Wstrict-prototypes’ is valid for C/ObjC but not for C++
/home/nitin/Desktop/Simulated Color-Tracking robot/build/CMakeFiles/CMakeTmp/src.cxx:1: warning: ignoring #pragma   [-Wunknown-pragmas]
    1 | #pragma
      | 
Linking CXX executable cmTC_767d4
/home/nitin/.local/lib/python3.8/site-packages/cmake/data/bin/cmake -E cmake_link_script CMakeFiles/cmTC_767d4.dir/link.txt --verbose=1
/usr/lib/ccache/c++ -O3 -DNDEBUG CMakeFiles/cmTC_767d4.dir/src.cxx.o -o cmTC_767d4 
make[1]: Leaving directory '/home/nitin/Desktop/Simulated Color-Tracking robot/build/CMakeFiles/CMakeTmp'


===== END =====

Build output check failed:
    Regex: 'command[- ]line option .* is valid for .* but not for C'
    Output line: 'cc1: warning: command line option ‘-Wsign-promo’ is valid for C++/ObjC++ but not for C'
Compilation failed:
    source file: '/home/nitin/Desktop/Simulated Color-Tracking robot/build/CMakeFiles/CMakeTmp/src.c'
    check option: ' -fsigned-char -W -Wall -Wreturn-type -Waddress -Wsequence-point -Wformat -Wformat-security -Wmissing-declarations -Wmissing-prototypes -Wstrict-prototypes -Wundef -Winit-self -Wpointer-arith -Wshadow  -Wsign-promo'
===== BUILD LOG =====
Change Dir: /home/nitin/Desktop/Simulated Color-Tracking robot/build/CMakeFiles/CMakeTmp

Run Build Command(s):/usr/bin/make -f Makefile cmTC_3d276/fast && /usr/bin/make  -f CMakeFiles/cmTC_3d276.dir/build.make CMakeFiles/cmTC_3d276.dir/build
make[1]: Entering directory '/home/nitin/Desktop/Simulated Color-Tracking robot/build/CMakeFiles/CMakeTmp'
Building C object CMakeFiles/cmTC_3d276.dir/src.c.o
/usr/lib/ccache/cc   -O3 -DNDEBUG -fPIE    -fsigned-char -W -Wall -Wreturn-type -Waddress -Wsequence-point -Wformat -Wformat-security -Wmissing-declarations -Wmissing-prototypes -Wstrict-prototypes -Wundef -Winit-self -Wpointer-arith -Wshadow  -Wsign-promo -o CMakeFiles/cmTC_3d276.dir/src.c.o -c "/home/nitin/Desktop/Simulated Color-Tracking robot/build/CMakeFiles/CMakeTmp/src.c"
cc1: warning: command line option ‘-Wsign-promo’ is valid for C++/ObjC++ but not for C
/home/nitin/Desktop/Simulated Color-Tracking robot/build/CMakeFiles/CMakeTmp/src.c:1: warning: ignoring #pragma   [-Wunknown-pragmas]
    1 | #pragma
      | 
Linking C executable cmTC_3d276
/home/nitin/.local/lib/python3.8/site-packages/cmake/data/bin/cmake -E cmake_link_script CMakeFiles/cmTC_3d276.dir/link.txt --verbose=1
/usr/lib/ccache/cc -O3 -DNDEBUG CMakeFiles/cmTC_3d276.dir/src.c.o -o cmTC_3d276 
make[1]: Leaving directory '/home/nitin/Desktop/Simulated Color-Tracking robot/build/CMakeFiles/CMakeTmp'


===== END =====

Build output check failed:
    Regex: 'command[- ]line option .* is valid for .* but not for C'
    Output line: 'cc1: warning: command line option ‘-Wsuggest-override’ is valid for C++/ObjC++ but not for C'
Compilation failed:
    source file: '/home/nitin/Desktop/Simulated Color-Tracking robot/build/CMakeFiles/CMakeTmp/src.c'
    check option: ' -fsigned-char -W -Wall -Wreturn-type -Waddress -Wsequence-point -Wformat -Wformat-security -Wmissing-declarations -Wmissing-prototypes -Wstrict-prototypes -Wundef -Winit-self -Wpointer-arith -Wshadow -Wuninitialized  -Wsuggest-override'
===== BUILD LOG =====
Change Dir: /home/nitin/Desktop/Simulated Color-Tracking robot/build/CMakeFiles/CMakeTmp

Run Build Command(s):/usr/bin/make -f Makefile cmTC_9ea69/fast && /usr/bin/make  -f CMakeFiles/cmTC_9ea69.dir/build.make CMakeFiles/cmTC_9ea69.dir/build
make[1]: Entering directory '/home/nitin/Desktop/Simulated Color-Tracking robot/build/CMakeFiles/CMakeTmp'
Building C object CMakeFiles/cmTC_9ea69.dir/src.c.o
/usr/lib/ccache/cc   -O3 -DNDEBUG -fPIE    -fsigned-char -W -Wall -Wreturn-type -Waddress -Wsequence-point -Wformat -Wformat-security -Wmissing-declarations -Wmissing-prototypes -Wstrict-prototypes -Wundef -Winit-self -Wpointer-arith -Wshadow -Wuninitialized  -Wsuggest-override -o CMakeFiles/cmTC_9ea69.dir/src.c.o -c "/home/nitin/Desktop/Simulated Color-Tracking robot/build/CMakeFiles/CMakeTmp/src.c"
cc1: warning: command line option ‘-Wsuggest-override’ is valid for C++/ObjC++ but not for C
/home/nitin/Desktop/Simulated Color-Tracking robot/build/CMakeFiles/CMakeTmp/src.c:1: warning: ignoring #pragma   [-Wunknown-pragmas]
    1 | #pragma
      | 
Linking C executable cmTC_9ea69
/home/nitin/.local/lib/python3.8/site-packages/cmake/data/bin/cmake -E cmake_link_script CMakeFiles/cmTC_9ea69.dir/link.txt --verbose=1
/usr/lib/ccache/cc -O3 -DNDEBUG CMakeFiles/cmTC_9ea69.dir/src.c.o -o cmTC_9ea69 
make[1]: Leaving directory '/home/nitin/Desktop/Simulated Color-Tracking robot/build/CMakeFiles/CMakeTmp'


===== END =====

Build output check failed:
    Regex: 'command[- ]line option .* is valid for .* but not for C'
    Output line: 'cc1: warning: command line option ‘-Wno-delete-non-virtual-dtor’ is valid for C++/ObjC++ but not for C'
Compilation failed:
    source file: '/home/nitin/Desktop/Simulated Color-Tracking robot/build/CMakeFiles/CMakeTmp/src.c'
    check option: ' -fsigned-char -W -Wall -Wreturn-type -Waddress -Wsequence-point -Wformat -Wformat-security -Wmissing-declarations -Wmissing-prototypes -Wstrict-prototypes -Wundef -Winit-self -Wpointer-arith -Wshadow -Wuninitialized  -Wno-delete-non-virtual-dtor'
===== BUILD LOG =====
Change Dir: /home/nitin/Desktop/Simulated Color-Tracking robot/build/CMakeFiles/CMakeTmp

Run Build Command(s):/usr/bin/make -f Makefile cmTC_f2f19/fast && /usr/bin/make  -f CMakeFiles/cmTC_f2f19.dir/build.make CMakeFiles/cmTC_f2f19.dir/build
make[1]: Entering directory '/home/nitin/Desktop/Simulated Color-Tracking robot/build/CMakeFiles/CMakeTmp'
Building C object CMakeFiles/cmTC_f2f19.dir/src.c.o
/usr/lib/ccache/cc   -O3 -DNDEBUG -fPIE    -fsigned-char -W -Wall -Wreturn-type -Waddress -Wsequence-point -Wformat -Wformat-security -Wmissing-declarations -Wmissing-prototypes -Wstrict-prototypes -Wundef -Winit-self -Wpointer-arith -Wshadow -Wuninitialized  -Wno-delete-non-virtual-dtor -o CMakeFiles/cmTC_f2f19.dir/src.c.o -c "/home/nitin/Desktop/Simulated Color-Tracking robot/build/CMakeFiles/CMakeTmp/src.c"
cc1: warning: command line option ‘-Wno-delete-non-virtual-dtor’ is valid for C++/ObjC++ but not for C
/home/nitin/Desktop/Simulated Color-Tracking robot/build/CMakeFiles/CMakeTmp/src.c:1: warning: ignoring #pragma   [-Wunknown-pragmas]
    1 | #pragma
      | 
Linking C executable cmTC_f2f19
/home/nitin/.local/lib/python3.8/site-packages/cmake/data/bin/cmake -E cmake_link_script CMakeFiles/cmTC_f2f19.dir/link.txt --verbose=1
/usr/lib/ccache/cc -O3 -DNDEBUG CMakeFiles/cmTC_f2f19.dir/src.c.o -o cmTC_f2f19 
make[1]: Leaving directory '/home/nitin/Desktop/Simulated Color-Tracking robot/build/CMakeFiles/CMakeTmp'


===== END =====

Build output check failed:
    Regex: 'unrecognized .*option'
    Output line: 'cc1plus: warning: unrecognized command line option ‘-Wno-unnamed-type-template-args’'
Compilation failed:
    source file: '/home/nitin/Desktop/Simulated Color-Tracking robot/build/CMakeFiles/CMakeTmp/src.cxx'
    check option: ' -fsigned-char -W -Wall -Wreturn-type -Wnon-virtual-dtor -Waddress -Wsequence-point -Wformat -Wformat-security -Wmissing-declarations -Wundef -Winit-self -Wpointer-arith -Wshadow -Wsign-promo -Wuninitialized -Wsuggest-override -Wno-delete-non-virtual-dtor  -Wno-unnamed-type-template-args'
===== BUILD LOG =====
Change Dir: /home/nitin/Desktop/Simulated Color-Tracking robot/build/CMakeFiles/CMakeTmp

Run Build Command(s):/usr/bin/make -f Makefile cmTC_e80d5/fast && /usr/bin/make  -f CMakeFiles/cmTC_e80d5.dir/build.make CMakeFiles/cmTC_e80d5.dir/build
make[1]: Entering directory '/home/nitin/Desktop/Simulated Color-Tracking robot/build/CMakeFiles/CMakeTmp'
Building CXX object CMakeFiles/cmTC_e80d5.dir/src.cxx.o
/usr/lib/ccache/c++   -O3 -DNDEBUG -fPIE    -fsigned-char -W -Wall -Wreturn-type -Wnon-virtual-dtor -Waddress -Wsequence-point -Wformat -Wformat-security -Wmissing-declarations -Wundef -Winit-self -Wpointer-arith -Wshadow -Wsign-promo -Wuninitialized -Wsuggest-override -Wno-delete-non-virtual-dtor  -Wno-unnamed-type-template-args -std=c++11 -o CMakeFiles/cmTC_e80d5.dir/src.cxx.o -c "/home/nitin/Desktop/Simulated Color-Tracking robot/build/CMakeFiles/CMakeTmp/src.cxx"
/home/nitin/Desktop/Simulated Color-Tracking robot/build/CMakeFiles/CMakeTmp/src.cxx:1: warning: ignoring #pragma   [-Wunknown-pragmas]
    1 | #pragma
      | 
cc1plus: warning: unrecognized command line option ‘-Wno-unnamed-type-template-args’
Linking CXX executable cmTC_e80d5
/home/nitin/.local/lib/python3.8/site-packages/cmake/data/bin/cmake -E cmake_link_script CMakeFiles/cmTC_e80d5.dir/link.txt --verbose=1
/usr/lib/ccache/c++ -O3 -DNDEBUG CMakeFiles/cmTC_e80d5.dir/src.cxx.o -o cmTC_e80d5 
make[1]: Leaving directory '/home/nitin/Desktop/Simulated Color-Tracking robot/build/CMakeFiles/CMakeTmp'


===== END =====

Build output check failed:
    Regex: 'unrecognized .*option'
    Output line: 'cc1: warning: unrecognized command line option ‘-Wno-unnamed-type-template-args’'
Compilation failed:
    source file: '/home/nitin/Desktop/Simulated Color-Tracking robot/build/CMakeFiles/CMakeTmp/src.c'
    check option: ' -fsigned-char -W -Wall -Wreturn-type -Waddress -Wsequence-point -Wformat -Wformat-security -Wmissing-declarations -Wmissing-prototypes -Wstrict-prototypes -Wundef -Winit-self -Wpointer-arith -Wshadow -Wuninitialized  -Wno-unnamed-type-template-args'
===== BUILD LOG =====
Change Dir: /home/nitin/Desktop/Simulated Color-Tracking robot/build/CMakeFiles/CMakeTmp

Run Build Command(s):/usr/bin/make -f Makefile cmTC_e4401/fast && /usr/bin/make  -f CMakeFiles/cmTC_e4401.dir/build.make CMakeFiles/cmTC_e4401.dir/build
make[1]: Entering directory '/home/nitin/Desktop/Simulated Color-Tracking robot/build/CMakeFiles/CMakeTmp'
Building C object CMakeFiles/cmTC_e4401.dir/src.c.o
/usr/lib/ccache/cc   -O3 -DNDEBUG -fPIE    -fsigned-char -W -Wall -Wreturn-type -Waddress -Wsequence-point -Wformat -Wformat-security -Wmissing-declarations -Wmissing-prototypes -Wstrict-prototypes -Wundef -Winit-self -Wpointer-arith -Wshadow -Wuninitialized  -Wno-unnamed-type-template-args -o CMakeFiles/cmTC_e4401.dir/src.c.o -c "/home/nitin/Desktop/Simulated Color-Tracking robot/build/CMakeFiles/CMakeTmp/src.c"
/home/nitin/Desktop/Simulated Color-Tracking robot/build/CMakeFiles/CMakeTmp/src.c:1: warning: ignoring #pragma   [-Wunknown-pragmas]
    1 | #pragma
      | 
cc1: warning: unrecognized command line option ‘-Wno-unnamed-type-template-args’
Linking C executable cmTC_e4401
/home/nitin/.local/lib/python3.8/site-packages/cmake/data/bin/cmake -E cmake_link_script CMakeFiles/cmTC_e4401.dir/link.txt --verbose=1
/usr/lib/ccache/cc -O3 -DNDEBUG CMakeFiles/cmTC_e4401.dir/src.c.o -o cmTC_e4401 
make[1]: Leaving directory '/home/nitin/Desktop/Simulated Color-Tracking robot/build/CMakeFiles/CMakeTmp'


===== END =====

Build output check failed:
    Regex: 'command[- ]line option .* is valid for .* but not for C'
    Output line: 'cc1: warning: command line option ‘-fvisibility-inlines-hidden’ is valid for C++/ObjC++ but not for C'
Compilation failed:
    source file: '/home/nitin/Desktop/Simulated Color-Tracking robot/build/CMakeFiles/CMakeTmp/src.c'
    check option: ' -fsigned-char -W -Wall -Wreturn-type -Waddress -Wsequence-point -Wformat -Wformat-security -Wmissing-declarations -Wmissing-prototypes -Wstrict-prototypes -Wundef -Winit-self -Wpointer-arith -Wshadow -Wuninitialized -Wno-comment -Wimplicit-fallthrough=3 -Wno-strict-overflow -fdiagnostics-show-option -Wno-long-long -pthread -fomit-frame-pointer -ffunction-sections -fdata-sections  -msse -msse2 -msse3 -fvisibility=hidden  -fvisibility-inlines-hidden'
===== BUILD LOG =====
Change Dir: /home/nitin/Desktop/Simulated Color-Tracking robot/build/CMakeFiles/CMakeTmp

Run Build Command(s):/usr/bin/make -f Makefile cmTC_74275/fast && /usr/bin/make  -f CMakeFiles/cmTC_74275.dir/build.make CMakeFiles/cmTC_74275.dir/build
make[1]: Entering directory '/home/nitin/Desktop/Simulated Color-Tracking robot/build/CMakeFiles/CMakeTmp'
Building C object CMakeFiles/cmTC_74275.dir/src.c.o
/usr/lib/ccache/cc   -O3 -DNDEBUG -fPIE    -fsigned-char -W -Wall -Wreturn-type -Waddress -Wsequence-point -Wformat -Wformat-security -Wmissing-declarations -Wmissing-prototypes -Wstrict-prototypes -Wundef -Winit-self -Wpointer-arith -Wshadow -Wuninitialized -Wno-comment -Wimplicit-fallthrough=3 -Wno-strict-overflow -fdiagnostics-show-option -Wno-long-long -pthread -fomit-frame-pointer -ffunction-sections -fdata-sections  -msse -msse2 -msse3 -fvisibility=hidden  -fvisibility-inlines-hidden -o CMakeFiles/cmTC_74275.dir/src.c.o -c "/home/nitin/Desktop/Simulated Color-Tracking robot/build/CMakeFiles/CMakeTmp/src.c"
cc1: warning: command line option ‘-fvisibility-inlines-hidden’ is valid for C++/ObjC++ but not for C
/home/nitin/Desktop/Simulated Color-Tracking robot/build/CMakeFiles/CMakeTmp/src.c:1: warning: ignoring #pragma   [-Wunknown-pragmas]
    1 | #pragma
      | 
Linking C executable cmTC_74275
/home/nitin/.local/lib/python3.8/site-packages/cmake/data/bin/cmake -E cmake_link_script CMakeFiles/cmTC_74275.dir/link.txt --verbose=1
/usr/lib/ccache/cc -O3 -DNDEBUG CMakeFiles/cmTC_74275.dir/src.c.o -o cmTC_74275 
make[1]: Leaving directory '/home/nitin/Desktop/Simulated Color-Tracking robot/build/CMakeFiles/CMakeTmp'


===== END =====

Determining if the function sgemm_ exists failed with the following output:
Change Dir: /home/nitin/Desktop/Simulated Color-Tracking robot/build/CMakeFiles/CMakeTmp

Run Build Command(s):/usr/bin/make -f Makefile cmTC_3811d/fast && /usr/bin/make  -f CMakeFiles/cmTC_3811d.dir/build.make CMakeFiles/cmTC_3811d.dir/build
make[1]: Entering directory '/home/nitin/Desktop/Simulated Color-Tracking robot/build/CMakeFiles/CMakeTmp'
Building C object CMakeFiles/cmTC_3811d.dir/CheckFunctionExists.c.o
/usr/lib/ccache/cc   -fsigned-char -W -Wall -Wreturn-type -Waddress -Wsequence-point -Wformat -Wformat-security -Wmissing-declarations -Wmissing-prototypes -Wstrict-prototypes -Wundef -Winit-self -Wpointer-arith -Wshadow -Wuninitialized -Wno-comment -Wimplicit-fallthrough=3 -Wno-strict-overflow -fdiagnostics-show-option -Wno-long-long -pthread -fomit-frame-pointer -ffunction-sections -fdata-sections  -msse -msse2 -msse3 -fvisibility=hidden -DCHECK_FUNCTION_EXISTS=sgemm_ -O3 -DNDEBUG  -DNDEBUG -fPIE -o CMakeFiles/cmTC_3811d.dir/CheckFunctionExists.c.o -c /home/nitin/.local/lib/python3.8/site-packages/cmake/data/share/cmake-3.21/Modules/CheckFunctionExists.c
Linking C executable cmTC_3811d
/home/nitin/.local/lib/python3.8/site-packages/cmake/data/bin/cmake -E cmake_link_script CMakeFiles/cmTC_3811d.dir/link.txt --verbose=1
/usr/lib/ccache/cc    -fsigned-char -W -Wall -Wreturn-type -Waddress -Wsequence-point -Wformat -Wformat-security -Wmissing-declarations -Wmissing-prototypes -Wstrict-prototypes -Wundef -Winit-self -Wpointer-arith -Wshadow -Wuninitialized -Wno-comment -Wimplicit-fallthrough=3 -Wno-strict-overflow -fdiagnostics-show-option -Wno-long-long -pthread -fomit-frame-pointer -ffunction-sections -fdata-sections  -msse -msse2 -msse3 -fvisibility=hidden -DCHECK_FUNCTION_EXISTS=sgemm_ -O3 -DNDEBUG  -DNDEBUG   -Wl,--gc-sections -Wl,--as-needed -Wl,--no-undefined  CMakeFiles/cmTC_3811d.dir/CheckFunctionExists.c.o -o cmTC_3811d 
/usr/bin/ld: CMakeFiles/cmTC_3811d.dir/CheckFunctionExists.c.o: in function `main':
CheckFunctionExists.c:(.text.startup.main+0x10): undefined reference to `sgemm_'
collect2: error: ld returned 1 exit status
make[1]: *** [CMakeFiles/cmTC_3811d.dir/build.make:99: cmTC_3811d] Error 1
make[1]: Leaving directory '/home/nitin/Desktop/Simulated Color-Tracking robot/build/CMakeFiles/CMakeTmp'
make: *** [Makefile:127: cmTC_3811d/fast] Error 2



Determining if the function sgemm_ exists failed with the following output:
Change Dir: /home/nitin/Desktop/Simulated Color-Tracking robot/build/CMakeFiles/CMakeTmp

Run Build Command(s):/usr/bin/make -f Makefile cmTC_82d08/fast && /usr/bin/make  -f CMakeFiles/cmTC_82d08.dir/build.make CMakeFiles/cmTC_82d08.dir/build
make[1]: Entering directory '/home/nitin/Desktop/Simulated Color-Tracking robot/build/CMakeFiles/CMakeTmp'
Building C object CMakeFiles/cmTC_82d08.dir/CheckFunctionExists.c.o
/usr/lib/ccache/cc   -fsigned-char -W -Wall -Wreturn-type -Waddress -Wsequence-point -Wformat -Wformat-security -Wmissing-declarations -Wmissing-prototypes -Wstrict-prototypes -Wundef -Winit-self -Wpointer-arith -Wshadow -Wuninitialized -Wno-comment -Wimplicit-fallthrough=3 -Wno-strict-overflow -fdiagnostics-show-option -Wno-long-long -pthread -fomit-frame-pointer -ffunction-sections -fdata-sections  -msse -msse2 -msse3 -fvisibility=hidden -DCHECK_FUNCTION_EXISTS=sgemm_ -O3 -DNDEBUG  -DNDEBUG -fPIE -o CMakeFiles/cmTC_82d08.dir/CheckFunctionExists.c.o -c /home/nitin/.local/lib/python3.8/site-packages/cmake/data/share/cmake-3.21/Modules/CheckFunctionExists.c
Linking C executable cmTC_82d08
/home/nitin/.local/lib/python3.8/site-packages/cmake/data/bin/cmake -E cmake_link_script CMakeFiles/cmTC_82d08.dir/link.txt --verbose=1
/usr/lib/ccache/cc    -fsigned-char -W -Wall -Wreturn-type -Waddress -Wsequence-point -Wformat -Wformat-security -Wmissing-declarations -Wmissing-prototypes -Wstrict-prototypes -Wundef -Winit-self -Wpointer-arith -Wshadow -Wuninitialized -Wno-comment -Wimplicit-fallthrough=3 -Wno-strict-overflow -fdiagnostics-show-option -Wno-long-long -pthread -fomit-frame-pointer -ffunction-sections -fdata-sections  -msse -msse2 -msse3 -fvisibility=hidden -DCHECK_FUNCTION_EXISTS=sgemm_ -O3 -DNDEBUG  -DNDEBUG   -Wl,--gc-sections -Wl,--as-needed -Wl,--no-undefined  CMakeFiles/cmTC_82d08.dir/CheckFunctionExists.c.o -o cmTC_82d08  -SSL2 
cc: error: unrecognized command line option ‘-SSL2’
make[1]: *** [CMakeFiles/cmTC_82d08.dir/build.make:99: cmTC_82d08] Error 1
make[1]: Leaving directory '/home/nitin/Desktop/Simulated Color-Tracking robot/build/CMakeFiles/CMakeTmp'
make: *** [Makefile:127: cmTC_82d08/fast] Error 2



Determining if the function cheev_ exists failed with the following output:
Change Dir: /home/nitin/Desktop/Simulated Color-Tracking robot/build/CMakeFiles/CMakeTmp

Run Build Command(s):/usr/bin/make -f Makefile cmTC_f3ddf/fast && /usr/bin/make  -f CMakeFiles/cmTC_f3ddf.dir/build.make CMakeFiles/cmTC_f3ddf.dir/build
make[1]: Entering directory '/home/nitin/Desktop/Simulated Color-Tracking robot/build/CMakeFiles/CMakeTmp'
Building C object CMakeFiles/cmTC_f3ddf.dir/CheckFunctionExists.c.o
/usr/lib/ccache/cc   -fsigned-char -W -Wall -Wreturn-type -Waddress -Wsequence-point -Wformat -Wformat-security -Wmissing-declarations -Wmissing-prototypes -Wstrict-prototypes -Wundef -Winit-self -Wpointer-arith -Wshadow -Wuninitialized -Wno-comment -Wimplicit-fallthrough=3 -Wno-strict-overflow -fdiagnostics-show-option -Wno-long-long -pthread -fomit-frame-pointer -ffunction-sections -fdata-sections  -msse -msse2 -msse3 -fvisibility=hidden -DCHECK_FUNCTION_EXISTS=cheev_ -O3 -DNDEBUG  -DNDEBUG -fPIE -o CMakeFiles/cmTC_f3ddf.dir/CheckFunctionExists.c.o -c /home/nitin/.local/lib/python3.8/site-packages/cmake/data/share/cmake-3.21/Modules/CheckFunctionExists.c
Linking C executable cmTC_f3ddf
/home/nitin/.local/lib/python3.8/site-packages/cmake/data/bin/cmake -E cmake_link_script CMakeFiles/cmTC_f3ddf.dir/link.txt --verbose=1
/usr/lib/ccache/cc    -fsigned-char -W -Wall -Wreturn-type -Waddress -Wsequence-point -Wformat -Wformat-security -Wmissing-declarations -Wmissing-prototypes -Wstrict-prototypes -Wundef -Winit-self -Wpointer-arith -Wshadow -Wuninitialized -Wno-comment -Wimplicit-fallthrough=3 -Wno-strict-overflow -fdiagnostics-show-option -Wno-long-long -pthread -fomit-frame-pointer -ffunction-sections -fdata-sections  -msse -msse2 -msse3 -fvisibility=hidden -DCHECK_FUNCTION_EXISTS=cheev_ -O3 -DNDEBUG  -DNDEBUG   -Wl,--gc-sections -Wl,--as-needed -Wl,--no-undefined  CMakeFiles/cmTC_f3ddf.dir/CheckFunctionExists.c.o -o cmTC_f3ddf  /usr/lib/x86_64-linux-gnu/libblas.so -lm -ldl 
/usr/bin/ld: CMakeFiles/cmTC_f3ddf.dir/CheckFunctionExists.c.o: in function `main':
CheckFunctionExists.c:(.text.startup.main+0x10): undefined reference to `cheev_'
collect2: error: ld returned 1 exit status
make[1]: *** [CMakeFiles/cmTC_f3ddf.dir/build.make:100: cmTC_f3ddf] Error 1
make[1]: Leaving directory '/home/nitin/Desktop/Simulated Color-Tracking robot/build/CMakeFiles/CMakeTmp'
make: *** [Makefile:127: cmTC_f3ddf/fast] Error 2



Determining if the function cheev_ exists failed with the following output:
Change Dir: /home/nitin/Desktop/Simulated Color-Tracking robot/build/CMakeFiles/CMakeTmp

Run Build Command(s):/usr/bin/make -f Makefile cmTC_797ec/fast && /usr/bin/make  -f CMakeFiles/cmTC_797ec.dir/build.make CMakeFiles/cmTC_797ec.dir/build
make[1]: Entering directory '/home/nitin/Desktop/Simulated Color-Tracking robot/build/CMakeFiles/CMakeTmp'
Building C object CMakeFiles/cmTC_797ec.dir/CheckFunctionExists.c.o
/usr/lib/ccache/cc   -fsigned-char -W -Wall -Wreturn-type -Waddress -Wsequence-point -Wformat -Wformat-security -Wmissing-declarations -Wmissing-prototypes -Wstrict-prototypes -Wundef -Winit-self -Wpointer-arith -Wshadow -Wuninitialized -Wno-comment -Wimplicit-fallthrough=3 -Wno-strict-overflow -fdiagnostics-show-option -Wno-long-long -pthread -fomit-frame-pointer -ffunction-sections -fdata-sections  -msse -msse2 -msse3 -fvisibility=hidden -DCHECK_FUNCTION_EXISTS=cheev_ -O3 -DNDEBUG  -DNDEBUG -fPIE -o CMakeFiles/cmTC_797ec.dir/CheckFunctionExists.c.o -c /home/nitin/.local/lib/python3.8/site-packages/cmake/data/share/cmake-3.21/Modules/CheckFunctionExists.c
Linking C executable cmTC_797ec
/home/nitin/.local/lib/python3.8/site-packages/cmake/data/bin/cmake -E cmake_link_script CMakeFiles/cmTC_797ec.dir/link.txt --verbose=1
/usr/lib/ccache/cc    -fsigned-char -W -Wall -Wreturn-type -Waddress -Wsequence-point -Wformat -Wformat-security -Wmissing-declarations -Wmissing-prototypes -Wstrict-prototypes -Wundef -Winit-self -Wpointer-arith -Wshadow -Wuninitialized -Wno-comment -Wimplicit-fallthrough=3 -Wno-strict-overflow -fdiagnostics-show-option -Wno-long-long -pthread -fomit-frame-pointer -ffunction-sections -fdata-sections  -msse -msse2 -msse3 -fvisibility=hidden -DCHECK_FUNCTION_EXISTS=cheev_ -O3 -DNDEBUG  -DNDEBUG   -Wl,--gc-sections -Wl,--as-needed -Wl,--no-undefined  CMakeFiles/cmTC_797ec.dir/CheckFunctionExists.c.o -o cmTC_797ec  -SSL2 /usr/lib/x86_64-linux-gnu/libblas.so 
cc: error: unrecognized command line option ‘-SSL2’
make[1]: *** [CMakeFiles/cmTC_797ec.dir/build.make:100: cmTC_797ec] Error 1
make[1]: Leaving directory '/home/nitin/Desktop/Simulated Color-Tracking robot/build/CMakeFiles/CMakeTmp'
make: *** [Makefile:127: cmTC_797ec/fast] Error 2



Determining if the function cheev_ exists failed with the following output:
Change Dir: /home/nitin/Desktop/Simulated Color-Tracking robot/build/CMakeFiles/CMakeTmp

Run Build Command(s):/usr/bin/make -f Makefile cmTC_72847/fast && /usr/bin/make  -f CMakeFiles/cmTC_72847.dir/build.make CMakeFiles/cmTC_72847.dir/build
make[1]: Entering directory '/home/nitin/Desktop/Simulated Color-Tracking robot/build/CMakeFiles/CMakeTmp'
Building C object CMakeFiles/cmTC_72847.dir/CheckFunctionExists.c.o
/usr/lib/ccache/cc   -fsigned-char -W -Wall -Wreturn-type -Waddress -Wsequence-point -Wformat -Wformat-security -Wmissing-declarations -Wmissing-prototypes -Wstrict-prototypes -Wundef -Winit-self -Wpointer-arith -Wshadow -Wuninitialized -Wno-comment -Wimplicit-fallthrough=3 -Wno-strict-overflow -fdiagnostics-show-option -Wno-long-long -pthread -fomit-frame-pointer -ffunction-sections -fdata-sections  -msse -msse2 -msse3 -fvisibility=hidden -DCHECK_FUNCTION_EXISTS=cheev_ -O3 -DNDEBUG  -DNDEBUG -fPIE -o CMakeFiles/cmTC_72847.dir/CheckFunctionExists.c.o -c /home/nitin/.local/lib/python3.8/site-packages/cmake/data/share/cmake-3.21/Modules/CheckFunctionExists.c
Linking C executable cmTC_72847
/home/nitin/.local/lib/python3.8/site-packages/cmake/data/bin/cmake -E cmake_link_script CMakeFiles/cmTC_72847.dir/link.txt --verbose=1
/usr/lib/ccache/cc    -fsigned-char -W -Wall -Wreturn-type -Waddress -Wsequence-point -Wformat -Wformat-security -Wmissing-declarations -Wmissing-prototypes -Wstrict-prototypes -Wundef -Winit-self -Wpointer-arith -Wshadow -Wuninitialized -Wno-comment -Wimplicit-fallthrough=3 -Wno-strict-overflow -fdiagnostics-show-option -Wno-long-long -pthread -fomit-frame-pointer -ffunction-sections -fdata-sections  -msse -msse2 -msse3 -fvisibility=hidden -DCHECK_FUNCTION_EXISTS=cheev_ -O3 -DNDEBUG  -DNDEBUG   -Wl,--gc-sections -Wl,--as-needed -Wl,--no-undefined  CMakeFiles/cmTC_72847.dir/CheckFunctionExists.c.o -o cmTC_72847  /usr/lib/x86_64-linux-gnu/liblapack.so /usr/lib/x86_64-linux-gnu/libblas.so -fortranlibs 
cc: error: unrecognized command line option ‘-fortranlibs’
make[1]: *** [CMakeFiles/cmTC_72847.dir/build.make:101: cmTC_72847] Error 1
make[1]: Leaving directory '/home/nitin/Desktop/Simulated Color-Tracking robot/build/CMakeFiles/CMakeTmp'
make: *** [Makefile:127: cmTC_72847/fast] Error 2



Build output check failed:
    Regex: 'command[- ]line option .* is valid for .* but not for C\+\+'
    Output line: 'cc1plus: warning: command line option ‘-Wno-missing-prototypes’ is valid for C/ObjC but not for C++'
Compilation failed:
    source file: '/home/nitin/Desktop/Simulated Color-Tracking robot/build/CMakeFiles/CMakeTmp/src.cxx'
    check option: ' -Wno-missing-prototypes'
===== BUILD LOG =====
Change Dir: /home/nitin/Desktop/Simulated Color-Tracking robot/build/CMakeFiles/CMakeTmp

Run Build Command(s):/usr/bin/make -f Makefile cmTC_259b8/fast && /usr/bin/make  -f CMakeFiles/cmTC_259b8.dir/build.make CMakeFiles/cmTC_259b8.dir/build
make[1]: Entering directory '/home/nitin/Desktop/Simulated Color-Tracking robot/build/CMakeFiles/CMakeTmp'
Building CXX object CMakeFiles/cmTC_259b8.dir/src.cxx.o
/usr/lib/ccache/c++   -fsigned-char -W -Wall -Wreturn-type -Wnon-virtual-dtor -Waddress -Wsequence-point -Wformat -Wformat-security -Wmissing-declarations -Wundef -Winit-self -Wpointer-arith -Wshadow -Wsign-promo -Wuninitialized -Wsuggest-override -Wno-delete-non-virtual-dtor -Wno-comment -Wimplicit-fallthrough=3 -Wno-strict-overflow -fdiagnostics-show-option -Wno-long-long -pthread -fomit-frame-pointer -ffunction-sections -fdata-sections  -msse -msse2 -msse3 -fvisibility=hidden -fvisibility-inlines-hidden -Wno-deprecated  -O3 -DNDEBUG  -DNDEBUG -fPIE    -Wno-missing-prototypes -std=c++11 -o CMakeFiles/cmTC_259b8.dir/src.cxx.o -c "/home/nitin/Desktop/Simulated Color-Tracking robot/build/CMakeFiles/CMakeTmp/src.cxx"
cc1plus: warning: command line option ‘-Wno-missing-prototypes’ is valid for C/ObjC but not for C++
/home/nitin/Desktop/Simulated Color-Tracking robot/build/CMakeFiles/CMakeTmp/src.cxx:1: warning: ignoring #pragma   [-Wunknown-pragmas]
    1 | #pragma
      | 
Linking CXX executable cmTC_259b8
/home/nitin/.local/lib/python3.8/site-packages/cmake/data/bin/cmake -E cmake_link_script CMakeFiles/cmTC_259b8.dir/link.txt --verbose=1
/usr/lib/ccache/c++    -fsigned-char -W -Wall -Wreturn-type -Wnon-virtual-dtor -Waddress -Wsequence-point -Wformat -Wformat-security -Wmissing-declarations -Wundef -Winit-self -Wpointer-arith -Wshadow -Wsign-promo -Wuninitialized -Wsuggest-override -Wno-delete-non-virtual-dtor -Wno-comment -Wimplicit-fallthrough=3 -Wno-strict-overflow -fdiagnostics-show-option -Wno-long-long -pthread -fomit-frame-pointer -ffunction-sections -fdata-sections  -msse -msse2 -msse3 -fvisibility=hidden -fvisibility-inlines-hidden -Wno-deprecated  -O3 -DNDEBUG  -DNDEBUG   -Wl,--gc-sections -Wl,--as-needed -Wl,--no-undefined  CMakeFiles/cmTC_259b8.dir/src.cxx.o -o cmTC_259b8 
make[1]: Leaving directory '/home/nitin/Desktop/Simulated Color-Tracking robot/build/CMakeFiles/CMakeTmp'


===== END =====

Build output check failed:
    Regex: 'unrecognized .*option'
    Output line: 'cc1plus: warning: unrecognized command line option ‘-Wno-tautological-undefined-compare’'
Compilation failed:
    source file: '/home/nitin/Desktop/Simulated Color-Tracking robot/build/CMakeFiles/CMakeTmp/src.cxx'
    check option: ' -Wno-tautological-undefined-compare'
===== BUILD LOG =====
Change Dir: /home/nitin/Desktop/Simulated Color-Tracking robot/build/CMakeFiles/CMakeTmp

Run Build Command(s):/usr/bin/make -f Makefile cmTC_85435/fast && /usr/bin/make  -f CMakeFiles/cmTC_85435.dir/build.make CMakeFiles/cmTC_85435.dir/build
make[1]: Entering directory '/home/nitin/Desktop/Simulated Color-Tracking robot/build/CMakeFiles/CMakeTmp'
Building CXX object CMakeFiles/cmTC_85435.dir/src.cxx.o
/usr/lib/ccache/c++   -fsigned-char -W -Wall -Wreturn-type -Wnon-virtual-dtor -Waddress -Wsequence-point -Wformat -Wformat-security -Winit-self -Wpointer-arith -Wuninitialized -Wsuggest-override -Wno-delete-non-virtual-dtor -Wno-comment -Wimplicit-fallthrough=3 -Wno-strict-overflow -fdiagnostics-show-option -Wno-long-long -pthread -fomit-frame-pointer -ffunction-sections -fdata-sections  -msse -msse2 -msse3 -fvisibility=hidden -fvisibility-inlines-hidden -Wno-deprecated -Wno-missing-declarations -Wno-shadow -Wno-unused-parameter -Wno-unused-local-typedefs -Wno-sign-compare -Wno-sign-promo -Wno-undef  -O3 -DNDEBUG  -DNDEBUG -fPIE    -Wno-tautological-undefined-compare -std=c++11 -o CMakeFiles/cmTC_85435.dir/src.cxx.o -c "/home/nitin/Desktop/Simulated Color-Tracking robot/build/CMakeFiles/CMakeTmp/src.cxx"
/home/nitin/Desktop/Simulated Color-Tracking robot/build/CMakeFiles/CMakeTmp/src.cxx:1: warning: ignoring #pragma   [-Wunknown-pragmas]
    1 | #pragma
      | 
cc1plus: warning: unrecognized command line option ‘-Wno-tautological-undefined-compare’
Linking CXX executable cmTC_85435
/home/nitin/.local/lib/python3.8/site-packages/cmake/data/bin/cmake -E cmake_link_script CMakeFiles/cmTC_85435.dir/link.txt --verbose=1
/usr/lib/ccache/c++    -fsigned-char -W -Wall -Wreturn-type -Wnon-virtual-dtor -Waddress -Wsequence-point -Wformat -Wformat-security -Winit-self -Wpointer-arith -Wuninitialized -Wsuggest-override -Wno-delete-non-virtual-dtor -Wno-comment -Wimplicit-fallthrough=3 -Wno-strict-overflow -fdiagnostics-show-option -Wno-long-long -pthread -fomit-frame-pointer -ffunction-sections -fdata-sections  -msse -msse2 -msse3 -fvisibility=hidden -fvisibility-inlines-hidden -Wno-deprecated -Wno-missing-declarations -Wno-shadow -Wno-unused-parameter -Wno-unused-local-typedefs -Wno-sign-compare -Wno-sign-promo -Wno-undef  -O3 -DNDEBUG  -DNDEBUG   -Wl,--gc-sections -Wl,--as-needed -Wl,--no-undefined  CMakeFiles/cmTC_85435.dir/src.cxx.o -o cmTC_85435 
make[1]: Leaving directory '/home/nitin/Desktop/Simulated Color-Tracking robot/build/CMakeFiles/CMakeTmp'


===== END =====

Build output check failed:
    Regex: 'unrecognized .*option'
    Output line: 'cc1plus: warning: unrecognized command line option ‘-Wno-shorten-64-to-32’'
Compilation failed:
    source file: '/home/nitin/Desktop/Simulated Color-Tracking robot/build/CMakeFiles/CMakeTmp/src.cxx'
    check option: ' -Wno-shorten-64-to-32'
===== BUILD LOG =====
Change Dir: /home/nitin/Desktop/Simulated Color-Tracking robot/build/CMakeFiles/CMakeTmp

Run Build Command(s):/usr/bin/make -f Makefile cmTC_fd685/fast && /usr/bin/make  -f CMakeFiles/cmTC_fd685.dir/build.make CMakeFiles/cmTC_fd685.dir/build
make[1]: Entering directory '/home/nitin/Desktop/Simulated Color-Tracking robot/build/CMakeFiles/CMakeTmp'
Building CXX object CMakeFiles/cmTC_fd685.dir/src.cxx.o
/usr/lib/ccache/c++   -fsigned-char -W -Wall -Wreturn-type -Wnon-virtual-dtor -Waddress -Wsequence-point -Wformat -Wformat-security -Winit-self -Wpointer-arith -Wuninitialized -Wsuggest-override -Wno-delete-non-virtual-dtor -Wno-comment -Wimplicit-fallthrough=3 -Wno-strict-overflow -fdiagnostics-show-option -Wno-long-long -pthread -fomit-frame-pointer -ffunction-sections -fdata-sections  -msse -msse2 -msse3 -fvisibility=hidden -fvisibility-inlines-hidden -Wno-deprecated -Wno-missing-declarations -Wno-shadow -Wno-unused-parameter -Wno-unused-local-typedefs -Wno-sign-compare -Wno-sign-promo -Wno-undef -Wno-ignored-qualifiers -Wno-extra -Wno-unused-function -Wno-unused-const-variable  -O3 -DNDEBUG  -DNDEBUG -fPIE    -Wno-shorten-64-to-32 -std=c++11 -o CMakeFiles/cmTC_fd685.dir/src.cxx.o -c "/home/nitin/Desktop/Simulated Color-Tracking robot/build/CMakeFiles/CMakeTmp/src.cxx"
/home/nitin/Desktop/Simulated Color-Tracking robot/build/CMakeFiles/CMakeTmp/src.cxx:1: warning: ignoring #pragma   [-Wunknown-pragmas]
    1 | #pragma
      | 
cc1plus: warning: unrecognized command line option ‘-Wno-shorten-64-to-32’
Linking CXX executable cmTC_fd685
/home/nitin/.local/lib/python3.8/site-packages/cmake/data/bin/cmake -E cmake_link_script CMakeFiles/cmTC_fd685.dir/link.txt --verbose=1
/usr/lib/ccache/c++    -fsigned-char -W -Wall -Wreturn-type -Wnon-virtual-dtor -Waddress -Wsequence-point -Wformat -Wformat-security -Winit-self -Wpointer-arith -Wuninitialized -Wsuggest-override -Wno-delete-non-virtual-dtor -Wno-comment -Wimplicit-fallthrough=3 -Wno-strict-overflow -fdiagnostics-show-option -Wno-long-long -pthread -fomit-frame-pointer -ffunction-sections -fdata-sections  -msse -msse2 -msse3 -fvisibility=hidden -fvisibility-inlines-hidden -Wno-deprecated -Wno-missing-declarations -Wno-shadow -Wno-unused-parameter -Wno-unused-local-typedefs -Wno-sign-compare -Wno-sign-promo -Wno-undef -Wno-ignored-qualifiers -Wno-extra -Wno-unused-function -Wno-unused-const-variable  -O3 -DNDEBUG  -DNDEBUG   -Wl,--gc-sections -Wl,--as-needed -Wl,--no-undefined  CMakeFiles/cmTC_fd685.dir/src.cxx.o -o cmTC_fd685 
make[1]: Leaving directory '/home/nitin/Desktop/Simulated Color-Tracking robot/build/CMakeFiles/CMakeTmp'


===== END =====

Build output check failed:
    Regex: 'unrecognized .*option'
    Output line: 'cc1plus: warning: unrecognized command line option ‘-Wno-enum-compare-switch’'
Compilation failed:
    source file: '/home/nitin/Desktop/Simulated Color-Tracking robot/build/CMakeFiles/CMakeTmp/src.cxx'
    check option: ' -Wno-enum-compare-switch'
===== BUILD LOG =====
Change Dir: /home/nitin/Desktop/Simulated Color-Tracking robot/build/CMakeFiles/CMakeTmp

Run Build Command(s):/usr/bin/make -f Makefile cmTC_a3167/fast && /usr/bin/make  -f CMakeFiles/cmTC_a3167.dir/build.make CMakeFiles/cmTC_a3167.dir/build
make[1]: Entering directory '/home/nitin/Desktop/Simulated Color-Tracking robot/build/CMakeFiles/CMakeTmp'
Building CXX object CMakeFiles/cmTC_a3167.dir/src.cxx.o
/usr/lib/ccache/c++   -fsigned-char -W -Wall -Wreturn-type -Wnon-virtual-dtor -Waddress -Wsequence-point -Wformat -Wformat-security -Winit-self -Wpointer-arith -Wuninitialized -Wsuggest-override -Wno-delete-non-virtual-dtor -Wno-comment -Wimplicit-fallthrough=3 -Wno-strict-overflow -fdiagnostics-show-option -Wno-long-long -pthread -fomit-frame-pointer -ffunction-sections -fdata-sections  -msse -msse2 -msse3 -fvisibility=hidden -fvisibility-inlines-hidden -Wno-deprecated -Wno-missing-declarations -Wno-shadow -Wno-unused-parameter -Wno-unused-local-typedefs -Wno-sign-compare -Wno-sign-promo -Wno-undef -Wno-ignored-qualifiers -Wno-extra -Wno-unused-function -Wno-unused-const-variable -Wno-invalid-offsetof  -O3 -DNDEBUG  -DNDEBUG -fPIE    -Wno-enum-compare-switch -std=c++11 -o CMakeFiles/cmTC_a3167.dir/src.cxx.o -c "/home/nitin/Desktop/Simulated Color-Tracking robot/build/CMakeFiles/CMakeTmp/src.cxx"
/home/nitin/Desktop/Simulated Color-Tracking robot/build/CMakeFiles/CMakeTmp/src.cxx:1: warning: ignoring #pragma   [-Wunknown-pragmas]
    1 | #pragma
      | 
cc1plus: warning: unrecognized command line option ‘-Wno-enum-compare-switch’
Linking CXX executable cmTC_a3167
/home/nitin/.local/lib/python3.8/site-packages/cmake/data/bin/cmake -E cmake_link_script CMakeFiles/cmTC_a3167.dir/link.txt --verbose=1
/usr/lib/ccache/c++    -fsigned-char -W -Wall -Wreturn-type -Wnon-virtual-dtor -Waddress -Wsequence-point -Wformat -Wformat-security -Winit-self -Wpointer-arith -Wuninitialized -Wsuggest-override -Wno-delete-non-virtual-dtor -Wno-comment -Wimplicit-fallthrough=3 -Wno-strict-overflow -fdiagnostics-show-option -Wno-long-long -pthread -fomit-frame-pointer -ffunction-sections -fdata-sections  -msse -msse2 -msse3 -fvisibility=hidden -fvisibility-inlines-hidden -Wno-deprecated -Wno-missing-declarations -Wno-shadow -Wno-unused-parameter -Wno-unused-local-typedefs -Wno-sign-compare -Wno-sign-promo -Wno-undef -Wno-ignored-qualifiers -Wno-extra -Wno-unused-function -Wno-unused-const-variable -Wno-invalid-offsetof  -O3 -DNDEBUG  -DNDEBUG   -Wl,--gc-sections -Wl,--as-needed -Wl,--no-undefined  CMakeFiles/cmTC_a3167.dir/src.cxx.o -o cmTC_a3167 
make[1]: Leaving directory '/home/nitin/Desktop/Simulated Color-Tracking robot/build/CMakeFiles/CMakeTmp'


===== END =====

Build output check failed:
    Regex: 'unrecognized .*option'
    Output line: 'cc1plus: warning: unrecognized command line option ‘-Wno-inconsistent-missing-override’'
Compilation failed:
    source file: '/home/nitin/Desktop/Simulated Color-Tracking robot/build/CMakeFiles/CMakeTmp/src.cxx'
    check option: ' -Wno-inconsistent-missing-override'
===== BUILD LOG =====
Change Dir: /home/nitin/Desktop/Simulated Color-Tracking robot/build/CMakeFiles/CMakeTmp

Run Build Command(s):/usr/bin/make -f Makefile cmTC_80f9e/fast && /usr/bin/make  -f CMakeFiles/cmTC_80f9e.dir/build.make CMakeFiles/cmTC_80f9e.dir/build
make[1]: Entering directory '/home/nitin/Desktop/Simulated Color-Tracking robot/build/CMakeFiles/CMakeTmp'
Building CXX object CMakeFiles/cmTC_80f9e.dir/src.cxx.o
/usr/lib/ccache/c++   -fsigned-char -W -Wall -Wreturn-type -Wnon-virtual-dtor -Waddress -Wsequence-point -Wformat -Wformat-security -Winit-self -Wpointer-arith -Wuninitialized -Wno-delete-non-virtual-dtor -Wno-comment -Wimplicit-fallthrough=3 -Wno-strict-overflow -fdiagnostics-show-option -Wno-long-long -pthread -fomit-frame-pointer -ffunction-sections -fdata-sections  -msse -msse2 -msse3 -fvisibility=hidden -fvisibility-inlines-hidden -Wno-deprecated -Wno-missing-declarations -Wno-shadow -Wno-unused-parameter -Wno-unused-local-typedefs -Wno-sign-compare -Wno-sign-promo -Wno-undef -Wno-ignored-qualifiers -Wno-extra -Wno-unused-function -Wno-unused-const-variable -Wno-invalid-offsetof -Wno-suggest-override  -O3 -DNDEBUG  -DNDEBUG -fPIE    -Wno-inconsistent-missing-override -std=c++11 -o CMakeFiles/cmTC_80f9e.dir/src.cxx.o -c "/home/nitin/Desktop/Simulated Color-Tracking robot/build/CMakeFiles/CMakeTmp/src.cxx"
/home/nitin/Desktop/Simulated Color-Tracking robot/build/CMakeFiles/CMakeTmp/src.cxx:1: warning: ignoring #pragma   [-Wunknown-pragmas]
    1 | #pragma
      | 
cc1plus: warning: unrecognized command line option ‘-Wno-inconsistent-missing-override’
Linking CXX executable cmTC_80f9e
/home/nitin/.local/lib/python3.8/site-packages/cmake/data/bin/cmake -E cmake_link_script CMakeFiles/cmTC_80f9e.dir/link.txt --verbose=1
/usr/lib/ccache/c++    -fsigned-char -W -Wall -Wreturn-type -Wnon-virtual-dtor -Waddress -Wsequence-point -Wformat -Wformat-security -Winit-self -Wpointer-arith -Wuninitialized -Wno-delete-non-virtual-dtor -Wno-comment -Wimplicit-fallthrough=3 -Wno-strict-overflow -fdiagnostics-show-option -Wno-long-long -pthread -fomit-frame-pointer -ffunction-sections -fdata-sections  -msse -msse2 -msse3 -fvisibility=hidden -fvisibility-inlines-hidden -Wno-deprecated -Wno-missing-declarations -Wno-shadow -Wno-unused-parameter -Wno-unused-local-typedefs -Wno-sign-compare -Wno-sign-promo -Wno-undef -Wno-ignored-qualifiers -Wno-extra -Wno-unused-function -Wno-unused-const-variable -Wno-invalid-offsetof -Wno-suggest-override  -O3 -DNDEBUG  -DNDEBUG   -Wl,--gc-sections -Wl,--as-needed -Wl,--no-undefined  CMakeFiles/cmTC_80f9e.dir/src.cxx.o -o cmTC_80f9e 
make[1]: Leaving directory '/home/nitin/Desktop/Simulated Color-Tracking robot/build/CMakeFiles/CMakeTmp'


===== END =====

Build output check failed:
    Regex: 'unrecognized .*option'
    Output line: 'cc1plus: warning: unrecognized command line option ‘-Wno-stringop-overread’'
Compilation failed:
    source file: '/home/nitin/Desktop/Simulated Color-Tracking robot/build/CMakeFiles/CMakeTmp/src.cxx'
    check option: ' -Wno-stringop-overread'
===== BUILD LOG =====
Change Dir: /home/nitin/Desktop/Simulated Color-Tracking robot/build/CMakeFiles/CMakeTmp

Run Build Command(s):/usr/bin/make -f Makefile cmTC_06907/fast && /usr/bin/make  -f CMakeFiles/cmTC_06907.dir/build.make CMakeFiles/cmTC_06907.dir/build
make[1]: Entering directory '/home/nitin/Desktop/Simulated Color-Tracking robot/build/CMakeFiles/CMakeTmp'
Building CXX object CMakeFiles/cmTC_06907.dir/src.cxx.o
/usr/lib/ccache/c++   -fsigned-char -W -Wall -Wreturn-type -Wnon-virtual-dtor -Waddress -Wsequence-point -Wformat -Wformat-security -Winit-self -Wpointer-arith -Wuninitialized -Wno-delete-non-virtual-dtor -Wno-comment -Wno-strict-overflow -fdiagnostics-show-option -Wno-long-long -pthread -fomit-frame-pointer -ffunction-sections -fdata-sections  -msse -msse2 -msse3 -fvisibility=hidden -fvisibility-inlines-hidden -Wno-deprecated -Wno-missing-declarations -Wno-shadow -Wno-unused-parameter -Wno-unused-local-typedefs -Wno-sign-compare -Wno-sign-promo -Wno-undef -Wno-ignored-qualifiers -Wno-extra -Wno-unused-function -Wno-unused-const-variable -Wno-invalid-offsetof -Wno-suggest-override -Wno-implicit-fallthrough -Wno-array-bounds -Wno-stringop-overflow  -O3 -DNDEBUG  -DNDEBUG -fPIE    -Wno-stringop-overread -std=c++11 -o CMakeFiles/cmTC_06907.dir/src.cxx.o -c "/home/nitin/Desktop/Simulated Color-Tracking robot/build/CMakeFiles/CMakeTmp/src.cxx"
/home/nitin/Desktop/Simulated Color-Tracking robot/build/CMakeFiles/CMakeTmp/src.cxx:1: warning: ignoring #pragma   [-Wunknown-pragmas]
    1 | #pragma
      | 
cc1plus: warning: unrecognized command line option ‘-Wno-stringop-overread’
Linking CXX executable cmTC_06907
/home/nitin/.local/lib/python3.8/site-packages/cmake/data/bin/cmake -E cmake_link_script CMakeFiles/cmTC_06907.dir/link.txt --verbose=1
/usr/lib/ccache/c++    -fsigned-char -W -Wall -Wreturn-type -Wnon-virtual-dtor -Waddress -Wsequence-point -Wformat -Wformat-security -Winit-self -Wpointer-arith -Wuninitialized -Wno-delete-non-virtual-dtor -Wno-comment -Wno-strict-overflow -fdiagnostics-show-option -Wno-long-long -pthread -fomit-frame-pointer -ffunction-sections -fdata-sections  -msse -msse2 -msse3 -fvisibility=hidden -fvisibility-inlines-hidden -Wno-deprecated -Wno-missing-declarations -Wno-shadow -Wno-unused-parameter -Wno-unused-local-typedefs -Wno-sign-compare -Wno-sign-promo -Wno-undef -Wno-ignored-qualifiers -Wno-extra -Wno-unused-function -Wno-unused-const-variable -Wno-invalid-offsetof -Wno-suggest-override -Wno-implicit-fallthrough -Wno-array-bounds -Wno-stringop-overflow  -O3 -DNDEBUG  -DNDEBUG   -Wl,--gc-sections -Wl,--as-needed -Wl,--no-undefined  CMakeFiles/cmTC_06907.dir/src.cxx.o -o cmTC_06907 
make[1]: Leaving directory '/home/nitin/Desktop/Simulated Color-Tracking robot/build/CMakeFiles/CMakeTmp'


===== END =====

Build output check failed:
    Regex: 'unrecognized .*option'
    Output line: 'cc1plus: warning: unrecognized command line option ‘-Wno-comma’'
Compilation failed:
    source file: '/home/nitin/Desktop/Simulated Color-Tracking robot/build/CMakeFiles/CMakeTmp/src.cxx'
    check option: ' -Wno-comma'
===== BUILD LOG =====
Change Dir: /home/nitin/Desktop/Simulated Color-Tracking robot/build/CMakeFiles/CMakeTmp

Run Build Command(s):/usr/bin/make -f Makefile cmTC_d930a/fast && /usr/bin/make  -f CMakeFiles/cmTC_d930a.dir/build.make CMakeFiles/cmTC_d930a.dir/build
make[1]: Entering directory '/home/nitin/Desktop/Simulated Color-Tracking robot/build/CMakeFiles/CMakeTmp'
Building CXX object CMakeFiles/cmTC_d930a.dir/src.cxx.o
/usr/lib/ccache/c++   -fsigned-char -W -Wall -Wreturn-type -Wnon-virtual-dtor -Waddress -Wsequence-point -Wformat -Wformat-security -Winit-self -Wpointer-arith -Wuninitialized -Wno-delete-non-virtual-dtor -Wno-comment -Wno-strict-overflow -fdiagnostics-show-option -Wno-long-long -pthread -fomit-frame-pointer -ffunction-sections -fdata-sections  -msse -msse2 -msse3 -fvisibility=hidden -fvisibility-inlines-hidden -Wno-deprecated -Wno-missing-declarations -Wno-shadow -Wno-unused-parameter -Wno-unused-local-typedefs -Wno-sign-compare -Wno-sign-promo -Wno-undef -Wno-ignored-qualifiers -Wno-extra -Wno-unused-function -Wno-unused-const-variable -Wno-invalid-offsetof -Wno-suggest-override -Wno-implicit-fallthrough -Wno-array-bounds -Wno-stringop-overflow -Wno-extra-semi  -O3 -DNDEBUG  -DNDEBUG -fPIE    -Wno-comma -std=c++11 -o CMakeFiles/cmTC_d930a.dir/src.cxx.o -c "/home/nitin/Desktop/Simulated Color-Tracking robot/build/CMakeFiles/CMakeTmp/src.cxx"
/home/nitin/Desktop/Simulated Color-Tracking robot/build/CMakeFiles/CMakeTmp/src.cxx:1: warning: ignoring #pragma   [-Wunknown-pragmas]
    1 | #pragma
      | 
cc1plus: warning: unrecognized command line option ‘-Wno-comma’
Linking CXX executable cmTC_d930a
/home/nitin/.local/lib/python3.8/site-packages/cmake/data/bin/cmake -E cmake_link_script CMakeFiles/cmTC_d930a.dir/link.txt --verbose=1
/usr/lib/ccache/c++    -fsigned-char -W -Wall -Wreturn-type -Wnon-virtual-dtor -Waddress -Wsequence-point -Wformat -Wformat-security -Winit-self -Wpointer-arith -Wuninitialized -Wno-delete-non-virtual-dtor -Wno-comment -Wno-strict-overflow -fdiagnostics-show-option -Wno-long-long -pthread -fomit-frame-pointer -ffunction-sections -fdata-sections  -msse -msse2 -msse3 -fvisibility=hidden -fvisibility-inlines-hidden -Wno-deprecated -Wno-missing-declarations -Wno-shadow -Wno-unused-parameter -Wno-unused-local-typedefs -Wno-sign-compare -Wno-sign-promo -Wno-undef -Wno-ignored-qualifiers -Wno-extra -Wno-unused-function -Wno-unused-const-variable -Wno-invalid-offsetof -Wno-suggest-override -Wno-implicit-fallthrough -Wno-array-bounds -Wno-stringop-overflow -Wno-extra-semi  -O3 -DNDEBUG  -DNDEBUG   -Wl,--gc-sections -Wl,--as-needed -Wl,--no-undefined  CMakeFiles/cmTC_d930a.dir/src.cxx.o -o cmTC_d930a 
make[1]: Leaving directory '/home/nitin/Desktop/Simulated Color-Tracking robot/build/CMakeFiles/CMakeTmp'


===== END =====

Determining if the include file sys/videoio.h exists failed with the following output:
Change Dir: /home/nitin/Desktop/Simulated Color-Tracking robot/build/CMakeFiles/CMakeTmp

Run Build Command(s):/usr/bin/make -f Makefile cmTC_a5553/fast && /usr/bin/make  -f CMakeFiles/cmTC_a5553.dir/build.make CMakeFiles/cmTC_a5553.dir/build
make[1]: Entering directory '/home/nitin/Desktop/Simulated Color-Tracking robot/build/CMakeFiles/CMakeTmp'
Building C object CMakeFiles/cmTC_a5553.dir/CheckIncludeFile.c.o
/usr/lib/ccache/cc   -fsigned-char -W -Wall -Wreturn-type -Waddress -Wsequence-point -Wformat -Wformat-security -Wmissing-declarations -Wmissing-prototypes -Wstrict-prototypes -Wundef -Winit-self -Wpointer-arith -Wshadow -Wuninitialized -Wno-comment -Wimplicit-fallthrough=3 -Wno-strict-overflow -fdiagnostics-show-option -Wno-long-long -pthread -fomit-frame-pointer -ffunction-sections -fdata-sections  -msse -msse2 -msse3 -fvisibility=hidden  -O3 -DNDEBUG  -DNDEBUG -fPIE -o CMakeFiles/cmTC_a5553.dir/CheckIncludeFile.c.o -c "/home/nitin/Desktop/Simulated Color-Tracking robot/build/CMakeFiles/CMakeTmp/CheckIncludeFile.c"
/home/nitin/Desktop/Simulated Color-Tracking robot/build/CMakeFiles/CMakeTmp/CheckIncludeFile.c:1:10: fatal error: sys/videoio.h: No such file or directory
    1 | #include <sys/videoio.h>
      |          ^~~~~~~~~~~~~~~
compilation terminated.
make[1]: *** [CMakeFiles/cmTC_a5553.dir/build.make:78: CMakeFiles/cmTC_a5553.dir/CheckIncludeFile.c.o] Error 1
make[1]: Leaving directory '/home/nitin/Desktop/Simulated Color-Tracking robot/build/CMakeFiles/CMakeTmp'
make: *** [Makefile:127: cmTC_a5553/fast] Error 2



Build output check failed:
    Regex: 'unrecognized .*option'
    Output line: 'cc1plus: warning: unrecognized command line option ‘-Wno-unused-private-field’'
Compilation failed:
    source file: '/home/nitin/Desktop/Simulated Color-Tracking robot/build/CMakeFiles/CMakeTmp/src.cxx'
    check option: ' -Wno-unused-private-field'
===== BUILD LOG =====
Change Dir: /home/nitin/Desktop/Simulated Color-Tracking robot/build/CMakeFiles/CMakeTmp

Run Build Command(s):/usr/bin/make -f Makefile cmTC_fb697/fast && /usr/bin/make  -f CMakeFiles/cmTC_fb697.dir/build.make CMakeFiles/cmTC_fb697.dir/build
make[1]: Entering directory '/home/nitin/Desktop/Simulated Color-Tracking robot/build/CMakeFiles/CMakeTmp'
Building CXX object CMakeFiles/cmTC_fb697.dir/src.cxx.o
/usr/lib/ccache/c++   -fsigned-char -W -Wall -Wreturn-type -Wnon-virtual-dtor -Waddress -Wsequence-point -Wformat -Wformat-security -Wmissing-declarations -Wundef -Winit-self -Wpointer-arith -Wshadow -Wsign-promo -Wuninitialized -Wsuggest-override -Wno-delete-non-virtual-dtor -Wno-comment -Wimplicit-fallthrough=3 -Wno-strict-overflow -fdiagnostics-show-option -Wno-long-long -pthread -fomit-frame-pointer -ffunction-sections -fdata-sections  -msse -msse2 -msse3 -fvisibility=hidden -fvisibility-inlines-hidden -Wno-unused-function -Wno-deprecated-declarations -Wno-overloaded-virtual  -O3 -DNDEBUG  -DNDEBUG -fPIE    -Wno-unused-private-field -std=c++11 -o CMakeFiles/cmTC_fb697.dir/src.cxx.o -c "/home/nitin/Desktop/Simulated Color-Tracking robot/build/CMakeFiles/CMakeTmp/src.cxx"
/home/nitin/Desktop/Simulated Color-Tracking robot/build/CMakeFiles/CMakeTmp/src.cxx:1: warning: ignoring #pragma   [-Wunknown-pragmas]
    1 | #pragma
      | 
cc1plus: warning: unrecognized command line option ‘-Wno-unused-private-field’
Linking CXX executable cmTC_fb697
/home/nitin/.local/lib/python3.8/site-packages/cmake/data/bin/cmake -E cmake_link_script CMakeFiles/cmTC_fb697.dir/link.txt --verbose=1
/usr/lib/ccache/c++    -fsigned-char -W -Wall -Wreturn-type -Wnon-virtual-dtor -Waddress -Wsequence-point -Wformat -Wformat-security -Wmissing-declarations -Wundef -Winit-self -Wpointer-arith -Wshadow -Wsign-promo -Wuninitialized -Wsuggest-override -Wno-delete-non-virtual-dtor -Wno-comment -Wimplicit-fallthrough=3 -Wno-strict-overflow -fdiagnostics-show-option -Wno-long-long -pthread -fomit-frame-pointer -ffunction-sections -fdata-sections  -msse -msse2 -msse3 -fvisibility=hidden -fvisibility-inlines-hidden -Wno-unused-function -Wno-deprecated-declarations -Wno-overloaded-virtual  -O3 -DNDEBUG  -DNDEBUG   -Wl,--gc-sections -Wl,--as-needed -Wl,--no-undefined  CMakeFiles/cmTC_fb697.dir/src.cxx.o -o cmTC_fb697 
make[1]: Leaving directory '/home/nitin/Desktop/Simulated Color-Tracking robot/build/CMakeFiles/CMakeTmp'


===== END =====

